<?xml version="1.0" encoding="UTF-8"?>
<!-- Generated by org.testng.reporters.JUnitReportReporter -->
<testsuite hostname="Ankits-MacBook-Pro.local" failures="0" tests="1" name="DragAndDropTest" time="4.996" errors="0" timestamp="2020-09-15T23:00:38 EDT" skipped="0">
  <testcase classname="DragAndDropTest" name="testDragAndDrop" time="4.996"/>
  <system-out/>
</testsuite> <!-- DragAndDropTest -->
