<?xml version="1.0" encoding="UTF-8"?>
<!-- Generated by org.testng.reporters.JUnitReportReporter -->
<testsuite hostname="Ankits-MacBook-Pro.local" failures="0" tests="1" name="Miscellaneous.ExtentReportDemo" time="0.328" errors="0" timestamp="2020-09-15T13:40:48 EDT" skipped="0">
  <testcase classname="Miscellaneous.ExtentReportDemo" name="loginTest" time="0.328"/>
  <system-out/>
</testsuite> <!-- Miscellaneous.ExtentReportDemo -->
