<?xml version="1.0" encoding="UTF-8"?>
<!-- Generated by org.testng.reporters.JUnitReportReporter -->
<testsuite hostname="Ankits-MacBook-Pro.local" failures="0" tests="1" name="AutoCompleteTest" time="5.246" errors="0" timestamp="2020-09-15T23:18:34 EDT" skipped="0">
  <testcase classname="AutoCompleteTest" name="start" time="5.246"/>
  <system-out/>
</testsuite> <!-- AutoCompleteTest -->
