<?xml version="1.0" encoding="UTF-8"?>
<!-- Generated by org.testng.reporters.JUnitReportReporter -->
<testsuite hostname="Ankits-MacBook-Pro.local" failures="0" tests="1" name="PracTesting" time="2.298" errors="0" timestamp="08 Sep. 2020 20:06:58 GMT" skipped="0">
  <testcase classname="PracTesting" name="test1" time="2.298"/>
</testsuite> <!-- PracTesting -->
