<?xml version="1.0" encoding="UTF-8"?>
<!-- Generated by org.testng.reporters.JUnitReportReporter -->
<testsuite hostname="Ankits-MacBook-Pro.local" failures="0" tests="1" name="SwitchWindowTest" time="5.444" errors="0" timestamp="2020-09-15T23:00:38 EDT" skipped="0">
  <testcase classname="SwitchWindowTest" name="start" time="5.444"/>
  <system-out/>
</testsuite> <!-- SwitchWindowTest -->
