<?xml version="1.0" encoding="UTF-8"?>
<!-- Generated by org.testng.reporters.JUnitReportReporter -->
<testsuite hostname="Ankits-MacBook-Pro.local" failures="0" tests="1" name="Miscellaneous.ExtentReportTry" time="1.963" errors="0" timestamp="2020-09-15T18:58:57 EDT" skipped="0">
  <testcase classname="Miscellaneous.ExtentReportTry" name="loginTest" time="1.963"/>
  <system-out/>
</testsuite> <!-- Miscellaneous.ExtentReportTry -->
