<?xml version="1.0" encoding="UTF-8"?>
<!-- Generated by org.testng.reporters.JUnitReportReporter -->
<testsuite hostname="Ankits-MacBook-Pro.local" failures="0" tests="1" name="DragAndDropTest" time="5.206" errors="0" timestamp="17 Sep 2020 16:50:58 GMT" skipped="0">
  <testcase classname="DragAndDropTest" name="testDragAndDrop" time="5.206"/>
</testsuite> <!-- DragAndDropTest -->
