<?xml version="1.0" encoding="UTF-8"?>
<!-- Generated by org.testng.reporters.JUnitReportReporter -->
<testsuite hostname="Ankits-MacBook-Pro.local" failures="0" tests="1" name="AutoCompleteTest" time="9.869" errors="0" timestamp="17 Sep 2020 16:50:58 GMT" skipped="0">
  <testcase classname="AutoCompleteTest" name="start" time="9.869"/>
</testsuite> <!-- AutoCompleteTest -->
